<?xml version="1.0" encoding="UTF-8" ?>
<testsuites>
  <testsuite errors="0" failures="0" hostname="Hitesh-PC" id="0" name="DriverManager" package="TestScript" skipped="0" tests="1" time="213.254" timestamp="2019-10-29T07:55:19">
      <properties>
[...]
</properties>

      <testcase classname="TestScript.DriverManager" name="Test" time="211.214" />

      <system-out><![CDATA[OpenBrowser nill nill yes
Navigate https://qa.rtcamp.net/activity/ nill  yes
Input DDDD username yes
Input DDDD password yes
Click nill click yes
Check  ERROR: Invalid username. Lost your password?  error  yes
The Text is   ERROR: Invalid username. Lost your password?
Close nill nill yes
OpenBrowser nill nill yes
Navigate https://qa.rtcamp.net/activity/ nill  yes
Input demo username yes
Input demo password yes
Click nill click yes
Click nill updates yes
Input Hey, What's up?? updates yes
Click nill PostUpdate yes
Select Private privacy yes
Navigate https://qa.rtcamp.net/members/demo/media/album/ nill yes
Click nill option yes
Click nill Addalbum yes
Input HS_Test Albumtitle yes
Input Testing Challenge Albumdescription yes
Click nill create yes
Click nill close yes
Click nill upload yes
Click nill selectFiles yes
Type Image1 nill yes
Click nill selectFiles yes
Type Image2 nill yes
Click nill selectFiles yes
Type Image3 nill yes
Click nill selectFiles yes
Type Image4 nill yes
Click nill selectFiles yes
Type Image5 nill yes
Click nill Startupload yes
Navigate https://qa.rtcamp.net/members/demo/media/album/ nill yes
VerifyTitle  HS_Test  verify  yes
The Image Title is   HS_Test
Click nill HS_testAlbum yes
Click nill Image1 yes
Click nill Like yes
Navigate https://qa.rtcamp.net/members/demo/media/likes/ nill yes
Click nill FirstImage yes
Check  You like this  check  yes
The Text is   You like this
Navigate https://qa.rtcamp.net/members/demo/profile/ nill yes
Click nill coverpic yes
Click nill browsebutton yes
Type Image6 nill yes
Close nill nill yes
]]></system-out>

      <system-err><![CDATA[Starting ChromeDriver 78.0.3904.70 (edb9c9f3de0247fd912a77b7f6cae7447f6d3ad5-refs/branch-heads/3904@{#800}) on port 36904
Only local connections are allowed.
Please protect ports used by ChromeDriver and related test frameworks to prevent access by malicious code.
Oct 29, 2019 1:25:27 PM org.openqa.selenium.remote.ProtocolHandshake createSession
INFO: Detected dialect: W3C
Starting ChromeDriver 78.0.3904.70 (edb9c9f3de0247fd912a77b7f6cae7447f6d3ad5-refs/branch-heads/3904@{#800}) on port 13954
Only local connections are allowed.
Please protect ports used by ChromeDriver and related test frameworks to prevent access by malicious code.
Oct 29, 2019 1:25:46 PM org.openqa.selenium.remote.ProtocolHandshake createSession
INFO: Detected dialect: W3C
]]></system-err>

  </testsuite>
</testsuites>
